[debug] [2021-12-28T12:26:36.127Z] ----------------------------------------------------------------------
[debug] [2021-12-28T12:26:36.129Z] Command:       C:\Program Files\nodejs\node.exe C:\Users\katya\AppData\Roaming\npm\node_modules\firebase-tools\lib\bin\firebase.js init
[debug] [2021-12-28T12:26:36.129Z] CLI Version:   9.23.3
[debug] [2021-12-28T12:26:36.129Z] Platform:      win32
[debug] [2021-12-28T12:26:36.130Z] Node Version:  v16.13.1
[debug] [2021-12-28T12:26:36.137Z] Time:          Tue Dec 28 2021 17:26:36 GMT+0500 (Екатеринбург, стандартное время)
[debug] [2021-12-28T12:26:36.138Z] ----------------------------------------------------------------------
[debug] 
[debug] [2021-12-28T12:26:36.142Z] >>> [apiv2][query] GET https://firebase-public.firebaseio.com/cli.json [none]
[debug] [2021-12-28T12:26:36.175Z] > command requires scopes: ["email","openid","https://www.googleapis.com/auth/cloudplatformprojects.readonly","https://www.googleapis.com/auth/firebase","https://www.googleapis.com/auth/cloud-platform"]
[debug] [2021-12-28T12:26:36.175Z] > authorizing via signed-in user (kastrelm@gmail.com)
[info] 
     ######## #### ########  ######## ########     ###     ######  ########
     ##        ##  ##     ## ##       ##     ##  ##   ##  ##       ##
     ######    ##  ########  ######   ########  #########  ######  ######
     ##        ##  ##    ##  ##       ##     ## ##     ##       ## ##
     ##       #### ##     ## ######## ########  ##     ##  ######  ########

You're about to initialize a Firebase project in this directory:

  F:\react\drive_cloud

[debug] [2021-12-28T12:26:37.127Z] <<< [apiv2][status] GET https://firebase-public.firebaseio.com/cli.json 200
[debug] [2021-12-28T12:26:37.128Z] <<< [apiv2][body] GET https://firebase-public.firebaseio.com/cli.json {"cloudBuildErrorAfter":1594252800000,"cloudBuildWarnAfter":1590019200000,"defaultNode10After":1594252800000,"minVersion":"3.0.5","node8DeploysDisabledAfter":1613390400000,"node8RuntimeDisabledAfter":1615809600000,"node8WarnAfter":1600128000000}
